
3 февраля 2024 г. 7:58:39: Настройка проекта SQLite3...
3 февраля 2024 г. 7:58:39: Скомпилирован .dll / Windows
3 февраля 2024 г. 7:58:39: Проект SQLite3 успешно сконфигурирован
3 февраля 2024 г. 7:58:53: Настройка проекта SQLite3...
3 февраля 2024 г. 7:58:53: Скомпилирован .dll / Windows
3 февраля 2024 г. 7:58:53: Проект SQLite3 успешно сконфигурирован
3 февраля 2024 г. 7:58:53: Настройка проекта SQLite3...
3 февраля 2024 г. 7:58:53: Скомпилирован .dll / Windows
3 февраля 2024 г. 7:58:53: Проект SQLite3 успешно сконфигурирован
3 февраля 2024 г. 16:13:19: Настройка проекта SQLite3...
3 февраля 2024 г. 16:13:19: Скомпилирован .dll / Windows
3 февраля 2024 г. 16:13:19: Проект SQLite3 успешно сконфигурирован
3 февраля 2024 г. 16:13:34: Настройка проекта SQLite3...
3 февраля 2024 г. 16:13:34: Скомпилирован .dll / Windows
3 февраля 2024 г. 16:13:34: Проект SQLite3 успешно сконфигурирован
3 февраля 2024 г. 16:14:00: Настройка проекта SQLite3...
3 февраля 2024 г. 16:14:00: Скомпилирован .dll / Windows
3 февраля 2024 г. 16:14:00: Проект SQLite3 успешно сконфигурирован
3 февраля 2024 г. 16:14:11: Настройка проекта SQLite3...
3 февраля 2024 г. 16:14:11: Скомпилирован .dll / Windows
3 февраля 2024 г. 16:14:11: Проект SQLite3 успешно сконфигурирован
3 февраля 2024 г. 16:14:48: Настройка проекта SQLiteCheck...
3 февраля 2024 г. 16:14:48: Проект SQLiteCheck успешно сконфигурирован


3 февраля 2024 г. 16:15:16: Настройка проекта SQLiteCheck...
3 февраля 2024 г. 16:15:16: Проект SQLiteCheck успешно сконфигурирован


3 февраля 2024 г. 16:15:36: Настройка проекта SQLiteCheck...
3 февраля 2024 г. 16:15:36: Проект SQLiteCheck успешно сконфигурирован


3 февраля 2024 г. 16:25:52: Настройка проекта SQLite3...
3 февраля 2024 г. 16:25:52: Скомпилирован .dll / Windows
3 февраля 2024 г. 16:25:52: Проект SQLite3 успешно сконфигурирован
3 февраля 2024 г. 16:26:32: Настройка проекта SQLite3...
3 февраля 2024 г. 16:26:32: Скомпилирован .dll / Windows
3 февраля 2024 г. 16:26:32: Проект SQLite3 успешно сконфигурирован
3 февраля 2024 г. 16:27:49: Настройка проекта SQLite3...
3 февраля 2024 г. 16:27:49: Скомпилирован .dll / Windows
3 февраля 2024 г. 16:27:49: Проект SQLite3 успешно сконфигурирован
3 февраля 2024 г. 16:29:46: Настройка проекта SQLite3...
3 февраля 2024 г. 16:29:46: Скомпилирован .dll / Windows
3 февраля 2024 г. 16:29:46: Проект SQLite3 успешно сконфигурирован
3 февраля 2024 г. 16:30:28: Настройка проекта SQLite3...
3 февраля 2024 г. 16:30:28: Скомпилирован .dll / Windows
3 февраля 2024 г. 16:30:28: Проект SQLite3 успешно сконфигурирован
3 февраля 2024 г. 16:31:32: Настройка проекта SQLite3...
3 февраля 2024 г. 16:31:32: Скомпилирован .dll / Windows
3 февраля 2024 г. 16:31:32: Проект SQLite3 успешно сконфигурирован
3 февраля 2024 г. 16:31:50: Настройка проекта SQLite3...
3 февраля 2024 г. 16:31:50: Скомпилирован .dll / Windows
3 февраля 2024 г. 16:31:59: Настройка проекта SQLite3...
3 февраля 2024 г. 16:31:59: Скомпилирован .dll / Windows
3 февраля 2024 г. 16:31:59: Проект SQLite3 успешно сконфигурирован
3 февраля 2024 г. 16:34:50: Настройка проекта SQLite3...
3 февраля 2024 г. 16:34:50: Скомпилирован .dll / Windows
3 февраля 2024 г. 16:34:50: Проект SQLite3 успешно сконфигурирован
3 февраля 2024 г. 18:11:12: Настройка проекта SQLite3...
3 февраля 2024 г. 18:11:12: Скомпилирован .dll / Windows
3 февраля 2024 г. 18:11:12: Проект SQLite3 успешно сконфигурирован
3 февраля 2024 г. 18:13:45: Настройка проекта SQLite3...
3 февраля 2024 г. 18:13:45: Скомпилирован .dll / Windows
3 февраля 2024 г. 18:13:45: Проект SQLite3 успешно сконфигурирован
3 февраля 2024 г. 18:15:42: Настройка проекта SQLite3...
3 февраля 2024 г. 18:15:42: Скомпилирован .dll / Windows
3 февраля 2024 г. 18:15:42: Проект SQLite3 успешно сконфигурирован
3 февраля 2024 г. 18:16:26: Настройка проекта SQLite3...
3 февраля 2024 г. 18:16:26: Скомпилирован .dll / Windows
3 февраля 2024 г. 18:16:26: Проект SQLite3 успешно сконфигурирован
3 февраля 2024 г. 18:17:51: Настройка проекта SQLite3...
3 февраля 2024 г. 18:17:51: Скомпилирован .dll / Windows
3 февраля 2024 г. 18:19:13: Настройка проекта SQLite3...
3 февраля 2024 г. 18:19:13: Скомпилирован .dll / Windows
3 февраля 2024 г. 18:20:23: Настройка проекта SQLite3...
3 февраля 2024 г. 18:20:23: Скомпилирован .dll / Windows
3 февраля 2024 г. 18:20:46: Настройка проекта SQLite3...
3 февраля 2024 г. 18:20:46: Скомпилирован .dll / Windows
3 февраля 2024 г. 18:20:46: Проект SQLite3 успешно сконфигурирован
3 февраля 2024 г. 18:25:36: Настройка проекта SQLite3...
3 февраля 2024 г. 18:25:36: Скомпилирован .dll / Windows
3 февраля 2024 г. 18:25:36: Проект SQLite3 успешно сконфигурирован
3 февраля 2024 г. 18:28:33: Настройка проекта SQLite3...
3 февраля 2024 г. 18:28:33: Скомпилирован .dll / Windows
3 февраля 2024 г. 18:28:33: Проект SQLite3 успешно сконфигурирован
3 февраля 2024 г. 18:28:33: Настройка проекта SQLite3...
3 февраля 2024 г. 18:28:33: Скомпилирован .dll / Windows
3 февраля 2024 г. 18:28:33: Проект SQLite3 успешно сконфигурирован
3 февраля 2024 г. 18:29:45: Настройка проекта SQLite3...
3 февраля 2024 г. 18:29:45: Скомпилирован .dll / Windows
3 февраля 2024 г. 18:29:45: Проект SQLite3 успешно сконфигурирован
3 февраля 2024 г. 18:29:45: Настройка проекта SQLite3...
3 февраля 2024 г. 18:29:45: Скомпилирован .dll / Windows
3 февраля 2024 г. 18:29:45: Проект SQLite3 успешно сконфигурирован
3 февраля 2024 г. 18:30:12: Настройка проекта SQLite3...
3 февраля 2024 г. 18:30:12: Скомпилирован .dll / Windows
3 февраля 2024 г. 18:30:12: Проект SQLite3 успешно сконфигурирован
3 февраля 2024 г. 18:31:06: Настройка проекта SQLite3...
3 февраля 2024 г. 18:31:06: Скомпилирован .dll / Windows
3 февраля 2024 г. 18:31:06: Проект SQLite3 успешно сконфигурирован
3 февраля 2024 г. 18:31:16: Настройка проекта SQLite3...
3 февраля 2024 г. 18:31:16: Скомпилирован .dll / Windows
3 февраля 2024 г. 18:31:16: Проект SQLite3 успешно сконфигурирован
3 февраля 2024 г. 22:54:27: Настройка проекта SQLite3...
3 февраля 2024 г. 22:54:27: Скомпилирован .dll / Windows
3 февраля 2024 г. 22:54:27: Проект SQLite3 успешно сконфигурирован
3 февраля 2024 г. 22:58:21: Настройка проекта SQLite3...
3 февраля 2024 г. 22:58:21: Скомпилирован .dll / Windows
3 февраля 2024 г. 22:58:21: Проект SQLite3 успешно сконфигурирован
3 февраля 2024 г. 23:01:49: Настройка проекта SQLite3...
3 февраля 2024 г. 23:01:49: Скомпилирован .dll / Windows
3 февраля 2024 г. 23:01:49: Проект SQLite3 успешно сконфигурирован
3 февраля 2024 г. 23:10:25: Настройка проекта SQLite3...
3 февраля 2024 г. 23:10:25: Скомпилирован .dll / Windows
3 февраля 2024 г. 23:10:25: Проект SQLite3 успешно сконфигурирован
3 февраля 2024 г. 23:12:53: Настройка проекта SQLite3...
3 февраля 2024 г. 23:12:53: Скомпилирован .dll / Windows
3 февраля 2024 г. 23:12:53: Проект SQLite3 успешно сконфигурирован: Скомпилирован .dll / Windows: Скомпилирован .dll / Windows: Скомпилирован .dll / Windows: Скомпилирован .dll / Windows: Скомпилирован .dll / Windows
4 февраля 2024 г. 4:24:51: Настройка проекта SQLite3...
4 февраля 2024 г. 4:24:51: Скомпилирован .dll / Windows
4 февраля 2024 г. 4:24:51: Проект SQLite3 успешно сконфигурирован
4 февраля 2024 г. 4:32:13: Настройка проекта SQLite3...
4 февраля 2024 г. 4:32:13: Скомпилирован .dll / Windows
4 февраля 2024 г. 4:32:13: Проект SQLite3 успешно сконфигурирован
4 февраля 2024 г. 4:33:06: Настройка проекта SQLite3...

4 февраля 2024 г. 4:33:06: Скомпилирован .dll / Windows

4 февраля 2024 г. 4:33:06: Проект SQLite3 успешно сконфигурирован

4 февраля 2024 г. 4:33:41: Настройка проекта SQLite3...

4 февраля 2024 г. 4:33:41: Скомпилирован .dll / Windows

4 февраля 2024 г. 4:33:41: Проект SQLite3 успешно сконфигурирован

4 февраля 2024 г. 4:34:14: Настройка проекта SQLite3...

4 февраля 2024 г. 4:34:14: Скомпилирован .dll / Windows

4 февраля 2024 г. 4:34:14: Проект SQLite3 успешно сконфигурирован
